==============================================================================

                  ------ MOMENTUM STATISTICS (RF mode) ------

              Momentum MomEngine_64 9.0.103 (*) 370.600 Mar  9 2011
                           Sat May 13 19:01:30 2023

==============================================================================


------------------------------------------------------------------------------
MESH
------------------------------------------------------------------------------
 Frequency          : 5 GHz

 Rectangular cells  : 363
 Quadrangular cells : 31
 Triangular cells   : 16
 Via cells          : 0

 Edge currents      : 720

------------------------------------------------------------------------------
SOLVER                        USER TIME      ELAPSED TIME      MEMORY         
PROCESSES                      (h:m:s)          (h:m:s)         (MB)          
------------------------------------------------------------------------------

SIMULATION SET-UP
-----------------
 Initialization           |     0: 0: 0   |     0: 0: 0   |      1.69   
 Ports analysis           |     0: 0: 0   |     0: 0: 0   |      0.00   
 Mesh processing          |     0: 0: 0   |     0: 0: 0   |     11.25   

 Matrix size : 2164
 Reduced matrix size : 1911
 Estimated process size is below 256.00 MB

1. SIMULATION FREQUENCY = 0 Hz 
-------------------------
 Green functions          |     0: 0: 0   |     0: 0: 0   |      4.57   
 Basis creation           |     0: 0: 0   |     0: 0: 0   |     30.16   

QUASI-STATIC CALCULATIONS
-------------------------
 Matrix load              |     0: 0: 8   |     0: 0: 4   |    656.62   
 Matrix load              |     0: 0: 0   |     0: 0: 0   |      0.00   
 Matrix solve             |     0: 0: 3   |     0: 0: 0   |     15.22   
 Port calibration         |     0: 0: 1   |     0: 0: 1   |    167.09   
 S parameters             |     0: 0: 0   |     0: 0: 0   |      0.00   

2. SIMULATION FREQUENCY = 5 GHz 
-------------------------
 Matrix load              |     0: 0: 1   |     0: 0: 0   |      0.00   
 Matrix solve             |     0: 0: 2   |     0: 0: 0   |      0.00   
 Port calibration         |     0: 0: 0   |     0: 0: 0   |      0.00   
 S parameters             |     0: 0: 0   |     0: 0: 0   |      0.00   
 Adaptive sampling        |     0: 0: 0   |     0: 0: 0   |      0.00   

3. SIMULATION FREQUENCY = 3.33333 GHz 
-------------------------
 Matrix load              |     0: 0: 2   |     0: 0: 1   |      0.00   
 Matrix solve             |     0: 0: 2   |     0: 0: 0   |      0.00   
 Port calibration         |     0: 0: 0   |     0: 0: 0   |      0.00   
 S parameters             |     0: 0: 0   |     0: 0: 0   |      0.00   
 Adaptive sampling        |     0: 0: 0   |     0: 0: 0   |      0.00   

4. SIMULATION FREQUENCY = 1.66667 GHz 
-------------------------
 Matrix load              |     0: 0: 1   |     0: 0: 1   |      0.00   
 Matrix solve             |     0: 0: 3   |     0: 0: 0   |      0.00   
 Port calibration         |     0: 0: 0   |     0: 0: 0   |      0.00   
 S parameters             |     0: 0: 0   |     0: 0: 0   |      0.00   
 Adaptive sampling        |     0: 0: 0   |     0: 0: 0   |      0.00   

5. SIMULATION FREQUENCY = 277.778 MHz 
-------------------------
 Matrix load              |     0: 0: 1   |     0: 0: 0   |      0.00   
 Matrix solve             |     0: 0: 2   |     0: 0: 1   |      0.00   
 Port calibration         |     0: 0: 0   |     0: 0: 0   |      0.00   
 S parameters             |     0: 0: 0   |     0: 0: 0   |      0.00   
 Adaptive sampling        |     0: 0: 0   |     0: 0: 0   |      0.00   

6. SIMULATION FREQUENCY = 4.44444 GHz 
-------------------------
 Matrix load              |     0: 0: 1   |     0: 0: 0   |      0.00   
 Matrix solve             |     0: 0: 3   |     0: 0: 0   |      0.00   
 Port calibration         |     0: 0: 0   |     0: 0: 0   |      0.00   
 S parameters             |     0: 0: 0   |     0: 0: 0   |      0.00   
 Adaptive sampling        |     0: 0: 0   |     0: 0: 0   |      0.00   

7. SIMULATION FREQUENCY = 3.05556 GHz 
-------------------------
 Matrix load              |     0: 0: 2   |     0: 0: 1   |      0.00   
 Matrix solve             |     0: 0: 2   |     0: 0: 0   |      0.00   
 Port calibration         |     0: 0: 0   |     0: 0: 0   |      0.00   
 S parameters             |     0: 0: 0   |     0: 0: 0   |      0.00   
 Adaptive sampling        |     0: 0: 0   |     0: 0: 0   |      0.00   

8. SIMULATION FREQUENCY = 1.2037 GHz 
-------------------------
 Matrix load              |     0: 0: 1   |     0: 0: 0   |      0.00   
 Matrix solve             |     0: 0: 2   |     0: 0: 1   |      0.00   
 Port calibration         |     0: 0: 0   |     0: 0: 0   |      0.00   
 S parameters             |     0: 0: 0   |     0: 0: 0   |      0.00   
 Adaptive sampling        |     0: 0: 1   |     0: 0: 0   |      0.00   

9. SIMULATION FREQUENCY = 1.89815 GHz 
-------------------------
 Matrix load              |     0: 0: 0   |     0: 0: 0   |      0.00   
 Matrix solve             |     0: 0: 3   |     0: 0: 0   |      0.00   
 Port calibration         |     0: 0: 0   |     0: 0: 0   |      0.00   
 S parameters             |     0: 0: 0   |     0: 0: 0   |      0.00   
 Adaptive sampling        |     0: 0: 0   |     0: 0: 0   |      0.00   

10. SIMULATION FREQUENCY = 4.53704 GHz 
-------------------------
 Matrix load              |     0: 0: 1   |     0: 0: 1   |      0.00   
 Matrix solve             |     0: 0: 3   |     0: 0: 0   |      0.00   
 Port calibration         |     0: 0: 0   |     0: 0: 0   |      0.00   
 S parameters             |     0: 0: 0   |     0: 0: 0   |      0.00   
 Adaptive sampling        |     0: 0: 1   |     0: 0: 0   |      0.00   

11. SIMULATION FREQUENCY = 3.88889 GHz 
-------------------------
 Matrix load              |     0: 0: 1   |     0: 0: 1   |      0.00   
 Matrix solve             |     0: 0: 2   |     0: 0: 0   |      0.00   
 Port calibration         |     0: 0: 0   |     0: 0: 0   |      0.00   
 S parameters             |     0: 0: 0   |     0: 0: 0   |      0.00   
 Adaptive sampling        |     0: 0: 1   |     0: 0: 0   |      0.00   

12. SIMULATION FREQUENCY = 3.7963 GHz 
-------------------------
 Matrix load              |     0: 0: 0   |     0: 0: 0   |      0.00   
 Matrix solve             |     0: 0: 3   |     0: 0: 1   |      0.00   
 Port calibration         |     0: 0: 0   |     0: 0: 0   |      0.00   
 S parameters             |     0: 0: 0   |     0: 0: 0   |      0.00   
 Adaptive sampling        |     0: 0: 0   |     0: 0: 0   |      0.00   

13. SIMULATION FREQUENCY = 2.47685 GHz 
-------------------------
 Matrix load              |     0: 0: 2   |     0: 0: 0   |      0.00   
 Matrix solve             |     0: 0: 3   |     0: 0: 0   |      0.00   
 Port calibration         |     0: 0: 0   |     0: 0: 0   |      0.00   
 S parameters             |     0: 0: 0   |     0: 0: 0   |      0.00   
 Adaptive sampling        |     0: 0: 0   |     0: 0: 0   |      0.00   

14. SIMULATION FREQUENCY = 4.07407 GHz 
-------------------------
 Matrix load              |     0: 0: 1   |     0: 0: 1   |      0.00   
 Matrix solve             |     0: 0: 4   |     0: 0: 0   |      0.00   
 Port calibration         |     0: 0: 0   |     0: 0: 0   |      0.00   
 S parameters             |     0: 0: 0   |     0: 0: 0   |      0.00   
 Adaptive sampling        |     0: 0: 2   |     0: 0: 0   |      0.00   

15. SIMULATION FREQUENCY = 2.66975 GHz 
-------------------------
 Matrix load              |     0: 0: 1   |     0: 0: 1   |      0.00   
 Matrix solve             |     0: 0: 3   |     0: 0: 0   |      0.00   
 Port calibration         |     0: 0: 0   |     0: 0: 0   |      0.00   
 S parameters             |     0: 0: 0   |     0: 0: 0   |      0.00   
 Adaptive sampling        |     0: 0: 0   |     0: 0: 0   |      0.00   

16. SIMULATION FREQUENCY = 92.5926 MHz 
-------------------------
 Matrix load              |     0: 0: 2   |     0: 0: 1   |      0.00   
 Matrix solve             |     0: 0: 2   |     0: 0: 0   |      0.00   
 Port calibration         |     0: 0: 0   |     0: 0: 0   |      0.00   
 S parameters             |     0: 0: 0   |     0: 0: 0   |      0.00   
 Adaptive sampling        |     0: 0: 1   |     0: 0: 0   |      0.00   

17. SIMULATION FREQUENCY = 4.84568 GHz 
-------------------------
 Matrix load              |     0: 0: 2   |     0: 0: 0   |      0.00   
 Matrix solve             |     0: 0: 4   |     0: 0: 1   |      0.00   
 Port calibration         |     0: 0: 0   |     0: 0: 0   |      0.00   
 S parameters             |     0: 0: 0   |     0: 0: 0   |      0.00   
 Adaptive sampling        |     0: 0: 1   |     0: 0: 0   |      0.00   

18. SIMULATION FREQUENCY = 2.28395 GHz 
-------------------------
 Matrix load              |     0: 0: 1   |     0: 0: 0   |      0.00   
 Matrix solve             |     0: 0: 4   |     0: 0: 1   |      0.00   
 Port calibration         |     0: 0: 0   |     0: 0: 0   |      0.00   
 S parameters             |     0: 0: 0   |     0: 0: 0   |      0.00   
 Adaptive sampling        |     0: 0: 1   |     0: 0: 0   |      0.00   

19. SIMULATION FREQUENCY = 740.741 MHz 
-------------------------
 Matrix load              |     0: 0: 0   |     0: 0: 0   |      0.00   
 Matrix solve             |     0: 0: 4   |     0: 0: 1   |      0.38   
 Port calibration         |     0: 0: 0   |     0: 0: 0   |      0.00   
 S parameters             |     0: 0: 0   |     0: 0: 0   |      0.00   
 Adaptive sampling        |     0: 0: 1   |     0: 0: 0   |      0.00   

20. SIMULATION FREQUENCY = 2.09105 GHz 
-------------------------
 Matrix load              |     0: 0: 1   |     0: 0: 0   |      0.00   
 Matrix solve             |     0: 0: 3   |     0: 0: 1   |      0.00   
 Port calibration         |     0: 0: 1   |     0: 0: 0   |      0.00   
 S parameters             |     0: 0: 0   |     0: 0: 0   |      0.00   
 Adaptive sampling        |     0: 0: 0   |     0: 0: 0   |      0.00   

21. SIMULATION FREQUENCY = 586.42 MHz 
-------------------------
 Matrix load              |     0: 0: 2   |     0: 0: 0   |      0.00   
 Matrix solve             |     0: 0: 3   |     0: 0: 1   |      0.00   
 Port calibration         |     0: 0: 0   |     0: 0: 0   |      0.00   
 S parameters             |     0: 0: 0   |     0: 0: 0   |      0.00   
 Adaptive sampling        |     0: 0: 1   |     0: 0: 0   |      0.00   

------------------------------------------------------------------------------
TOTALS
------------------------------------------------------------------------------
 Nr of Frequencies   : 21 

 Process size :   886.98 MB
 User Time    :    0h 1m43s
 Elapsed Time :    0h 0m21s

==============================================================================

